# JRE version: OpenJDK Runtime Environment (10.0.1+10) (build 10.0.1+10-Ubuntu-3ubuntu1)
# Java VM: OpenJDK 64-Bit Server VM (10.0.1+10-Ubuntu-3ubuntu1, mixed mode, tiered, compressed oops, g1 gc, linux-amd64)
Heap:
 garbage-first heap   total 195584K, used 7370K [0x00000000c6600000, 0x0000000100000000)
  region size 1024K, 1 young (1024K), 1 survivors (1024K)
 Metaspace       used 24380K, capacity 24829K, committed 25088K, reserved 1071104K
  class space    used 2526K, capacity 2761K, committed 2816K, reserved 1048576K
GC Heap History (10 events):
Event: 1432.955 GC heap after
{Heap after GC invocations=9341 (full 0):
 garbage-first heap   total 86016K, used 7362K [0x00000000c6600000, 0x0000000100000000)
  region size 1024K, 1 young (1024K), 1 survivors (1024K)
 Metaspace       used 24380K, capacity 24829K, committed 25088K, reserved 1071104K
  class space    used 2526K, capacity 2761K, committed 2816K, reserved 1048576K
}
Event: 1433.118 GC heap before
{Heap before GC invocations=9341 (full 0):
 garbage-first heap   total 86016K, used 57538K [0x00000000c6600000, 0x0000000100000000)
  region size 1024K, 50 young (51200K), 1 survivors (1024K)
 Metaspace       used 24380K, capacity 24829K, committed 25088K, reserved 1071104K
  class space    used 2526K, capacity 2761K, committed 2816K, reserved 1048576K
}
Event: 1433.131 GC heap after
{Heap after GC invocations=9342 (full 0):
 garbage-first heap   total 86016K, used 7370K [0x00000000c6600000, 0x0000000100000000)
  region size 1024K, 1 young (1024K), 1 survivors (1024K)
 Metaspace       used 24380K, capacity 24829K, committed 25088K, reserved 1071104K
  class space    used 2526K, capacity 2761K, committed 2816K, reserved 1048576K
}
Event: 1433.279 GC heap before
{Heap before GC invocations=9342 (full 0):
 garbage-first heap   total 86016K, used 57546K [0x00000000c6600000, 0x0000000100000000)
  region size 1024K, 50 young (51200K), 1 survivors (1024K)
 Metaspace       used 24380K, capacity 24829K, committed 25088K, reserved 1071104K
  class space    used 2526K, capacity 2761K, committed 2816K, reserved 1048576K
}
Event: 1433.281 GC heap after
{Heap after GC invocations=9343 (full 0):
 garbage-first heap   total 86016K, used 7368K [0x00000000c6600000, 0x0000000100000000)
  region size 1024K, 1 young (1024K), 1 survivors (1024K)
 Metaspace       used 24380K, capacity 24829K, committed 25088K, reserved 1071104K
  class space    used 2526K, capacity 2761K, committed 2816K, reserved 1048576K
}
Event: 1433.471 GC heap before
{Heap before GC invocations=9343 (full 0):
 garbage-first heap   total 86016K, used 57544K [0x00000000c6600000, 0x0000000100000000)
  region size 1024K, 50 young (51200K), 1 survivors (1024K)
 Metaspace       used 24380K, capacity 24829K, committed 25088K, reserved 1071104K
  class space    used 2526K, capacity 2761K, committed 2816K, reserved 1048576K
}
Event: 1433.505 GC heap after
{Heap after GC invocations=9344 (full 0):
 garbage-first heap   total 86016K, used 7364K [0x00000000c6600000, 0x0000000100000000)
  region size 1024K, 1 young (1024K), 1 survivors (1024K)
 Metaspace       used 24380K, capacity 24829K, committed 25088K, reserved 1071104K
  class space    used 2526K, capacity 2761K, committed 2816K, reserved 1048576K
}
Event: 1433.901 GC heap before
{Heap before GC invocations=9344 (full 0):
 garbage-first heap   total 86016K, used 57540K [0x00000000c6600000, 0x0000000100000000)
  region size 1024K, 50 young (51200K), 1 survivors (1024K)
 Metaspace       used 24380K, capacity 24829K, committed 25088K, reserved 1071104K
  class space    used 2526K, capacity 2761K, committed 2816K, reserved 1048576K
}
Event: 1434.061 GC heap after
{Heap after GC invocations=9345 (full 0):
 garbage-first heap   total 86016K, used 7368K [0x00000000c6600000, 0x0000000100000000)
  region size 1024K, 1 young (1024K), 1 survivors (1024K)
 Metaspace       used 24380K, capacity 24829K, committed 25088K, reserved 1071104K
  class space    used 2526K, capacity 2761K, committed 2816K, reserved 1048576K
}
Event: 1434.395 GC heap before
{Heap before GC invocations=9345 (full 0):
 garbage-first heap   total 86016K, used 57544K [0x00000000c6600000, 0x0000000100000000)
  region size 1024K, 50 young (51200K), 1 survivors (1024K)
 Metaspace       used 24380K, capacity 24829K, committed 25088K, reserved 1071104K
  class space    used 2526K, capacity 2761K, committed 2816K, reserved 1048576K
}

